This is pdfTeX, Version 3.14159265-2.6-1.40.17 (TeX Live 2016) (preloaded format=pdflatex 2016.5.22)  20 FEB 2017 16:56
entering extended mode
 restricted \write18 enabled.
 file:line:error style messages enabled.
 %&-line parsing enabled.
**Inflation.tex
(./Inflation.tex
LaTeX2e <2016/03/31>
Babel <3.9r> and hyphenation patterns for 83 language(s) loaded.
(./rmaa.cls
Document Class: rmaa 2011/08/15 v3.26 RevMexAA article class
Manuscript for referee
(/usr/local/texlive/2016/texmf-dist/tex/latex/base/article.cls
Document Class: article 2014/09/29 v1.4h Standard LaTeX document class
(/usr/local/texlive/2016/texmf-dist/tex/latex/base/size10.clo
File: size10.clo 2014/09/29 v1.4h Standard LaTeX file (size option)
)
\c@part=\count79
\c@section=\count80
\c@subsection=\count81
\c@subsubsection=\count82
\c@paragraph=\count83
\c@subparagraph=\count84
\c@figure=\count85
\c@table=\count86
\abovecaptionskip=\skip41
\belowcaptionskip=\skip42
\bibindent=\dimen102
)
(/usr/local/texlive/2016/texmf-dist/tex/latex/natbib/natbib.sty
Package: natbib 2010/09/13 8.31b (PWD, AO)
\bibhang=\skip43
\bibsep=\skip44
LaTeX Info: Redefining \cite on input line 694.
\c@NAT@ctr=\count87
)
(/usr/local/texlive/2016/texmf-dist/tex/latex/graphics/graphicx.sty
Package: graphicx 2014/10/28 v1.0g Enhanced LaTeX Graphics (DPC,SPQR)

(/usr/local/texlive/2016/texmf-dist/tex/latex/graphics/keyval.sty
Package: keyval 2014/10/28 v1.15 key=value parser (DPC)
\KV@toks@=\toks14
)
(/usr/local/texlive/2016/texmf-dist/tex/latex/graphics/graphics.sty
Package: graphics 2016/05/09 v1.0r Standard LaTeX Graphics (DPC,SPQR)

(/usr/local/texlive/2016/texmf-dist/tex/latex/graphics/trig.sty
Package: trig 2016/01/03 v1.10 sin cos tan (DPC)
)
(/usr/local/texlive/2016/texmf-dist/tex/latex/graphics-cfg/graphics.cfg
File: graphics.cfg 2016/01/02 v1.10 sample graphics configuration
)
Package graphics Info: Driver file: pdftex.def on input line 96.

(/usr/local/texlive/2016/texmf-dist/tex/latex/pdftex-def/pdftex.def
File: pdftex.def 2011/05/27 v0.06d Graphics/color for pdfTeX

(/usr/local/texlive/2016/texmf-dist/tex/generic/oberdiek/infwarerr.sty
Package: infwarerr 2016/05/16 v1.4 Providing info/warning/error messages (HO)
)
(/usr/local/texlive/2016/texmf-dist/tex/generic/oberdiek/ltxcmds.sty
Package: ltxcmds 2016/05/16 v1.23 LaTeX kernel commands for general use (HO)
)
\Gread@gobject=\count88
))
\Gin@req@height=\dimen103
\Gin@req@width=\dimen104
)
(/usr/local/texlive/2016/texmf-dist/tex/latex/base/ifthen.sty
Package: ifthen 2014/09/29 v1.1c Standard LaTeX ifthen package (DPC)
)
(/usr/local/texlive/2016/texmf-dist/tex/generic/babel/babel.sty
Package: babel 2016/04/23 3.9r The Babel package

(/usr/local/texlive/2016/texmf-dist/tex/generic/babel-english/english.ldf
Language: english 2012/08/20 v3.3p English support from the babel system

(/usr/local/texlive/2016/texmf-dist/tex/generic/babel/babel.def
File: babel.def 2016/04/23 3.9r Babel common definitions
\babel@savecnt=\count89
\U@D=\dimen105
)
\l@canadian = a dialect from \language\l@american 
\l@australian = a dialect from \language\l@british 
\l@newzealand = a dialect from \language\l@british 
))
(/usr/local/texlive/2016/texmf-dist/tex/latex/tools/dcolumn.sty
Package: dcolumn 2014/10/28 v1.06 decimal alignment package (DPC)

(/usr/local/texlive/2016/texmf-dist/tex/latex/tools/array.sty
Package: array 2014/10/28 v2.4c Tabular extension package (FMi)
\col@sep=\dimen106
\extrarowheight=\dimen107
\NC@list=\toks15
\extratabsurround=\skip45
\backup@length=\skip46
))
(/usr/local/texlive/2016/texmf-dist/tex/latex/booktabs/booktabs.sty
Package: booktabs 2016/04/27 v1.618033 publication quality tables
\heavyrulewidth=\dimen108
\lightrulewidth=\dimen109
\cmidrulewidth=\dimen110
\belowrulesep=\dimen111
\belowbottomsep=\dimen112
\aboverulesep=\dimen113
\abovetopsep=\dimen114
\cmidrulesep=\dimen115
\cmidrulekern=\dimen116
\defaultaddspace=\dimen117
\@cmidla=\count90
\@cmidlb=\count91
\@aboverulesep=\dimen118
\@belowrulesep=\dimen119
\@thisruleclass=\count92
\@lastruleclass=\count93
\@thisrulewidth=\dimen120
)
(/usr/local/texlive/2016/texmf-dist/tex/latex/base/makeidx.sty
Package: makeidx 2014/09/29 v1.0m Standard LaTeX package
)
(/usr/local/texlive/2016/texmf-dist/tex/latex/url/url.sty
\Urlmuskip=\muskip10
Package: url 2013/09/16  ver 3.4  Verb mode for urls, etc.
)
\@parskip@default=\skip47
\@@parskip@@default=\skip48
\@parskip@stretch=\skip49
\@@parskip@@stretch=\skip50
\@parskip@shrink=\skip51
\@@parskip@@shrink=\skip52
\abovesectionskip=\skip53
\belowsectionskip=\skip54
\aboveparaskip=\skip55
\belowparaskip=\skip56
\@abovesectionskip@default=\skip57
\@@abovesectionskip@@default=\skip58
\@abovesectionskip@stretch=\skip59
\@@abovesectionskip@@stretch=\skip60
\@abovesectionskip@shrink=\skip61
\@@abovesectionskip@@shrink=\skip62
\@belowsectionskip@default=\skip63
\@@belowsectionskip@@default=\skip64
\@belowsectionskip@stretch=\skip65
\@@belowsectionskip@@stretch=\skip66
\@belowsectionskip@shrink=\skip67
\@@belowsectionskip@@shrink=\skip68
\@aboveparaskip@default=\skip69
\@@aboveparaskip@@default=\skip70
\@aboveparaskip@stretch=\skip71
\@@aboveparaskip@@stretch=\skip72
\@aboveparaskip@shrink=\skip73
\@@aboveparaskip@@shrink=\skip74
\@belowparaskip@default=\skip75
\@@belowparaskip@@default=\skip76
\@belowparaskip@stretch=\skip77
\@@belowparaskip@@stretch=\skip78
\@belowparaskip@shrink=\skip79
\@@belowparaskip@@shrink=\skip80
\@floatsep@default=\skip81
\@@floatsep@@default=\skip82
\@floatsep@stretch=\skip83
\@@floatsep@@stretch=\skip84
\@floatsep@shrink=\skip85
\@@floatsep@@shrink=\skip86
\@textfloatsep@default=\skip87
\@@textfloatsep@@default=\skip88
\@textfloatsep@stretch=\skip89
\@@textfloatsep@@stretch=\skip90
\@textfloatsep@shrink=\skip91
\@@textfloatsep@@shrink=\skip92
\@intextsep@default=\skip93
\@@intextsep@@default=\skip94
\@intextsep@stretch=\skip95
\@@intextsep@@stretch=\skip96
\@intextsep@shrink=\skip97
\@@intextsep@@shrink=\skip98
\@dblfloatsep@default=\skip99
\@@dblfloatsep@@default=\skip100
\@dblfloatsep@stretch=\skip101
\@@dblfloatsep@@stretch=\skip102
\@dblfloatsep@shrink=\skip103
\@@dblfloatsep@@shrink=\skip104
\@dbltextfloatsep@default=\skip105
\@@dbltextfloatsep@@default=\skip106
\@dbltextfloatsep@stretch=\skip107
\@@dbltextfloatsep@@stretch=\skip108
\@dbltextfloatsep@shrink=\skip109
\@@dbltextfloatsep@@shrink=\skip110
\@abovecaptionskip@default=\skip111
\@@abovecaptionskip@@default=\skip112
\@abovecaptionskip@stretch=\skip113
\@@abovecaptionskip@@stretch=\skip114
\@abovecaptionskip@shrink=\skip115
\@@abovecaptionskip@@shrink=\skip116
\@before@title@skip=\skip117
\@before@author@skip=\skip118
\@between@author@skip=\skip119
\@before@abstract@skip=\skip120
\@after@abstracthead@skip=\skip121
\@between@abstract@skip=\skip122
\@before@kwd@skip=\skip123
\@before@dates@skip=\skip124
\@@before@title@skip@default=\skip125
\@@@before@title@skip@@default=\skip126
\@@before@title@skip@stretch=\skip127
\@@@before@title@skip@@stretch=\skip128
\@@before@title@skip@shrink=\skip129
\@@@before@title@skip@@shrink=\skip130
\@@before@author@skip@default=\skip131
\@@@before@author@skip@@default=\skip132
\@@before@author@skip@stretch=\skip133
\@@@before@author@skip@@stretch=\skip134
\@@before@author@skip@shrink=\skip135
\@@@before@author@skip@@shrink=\skip136
\@@between@author@skip@default=\skip137
\@@@between@author@skip@@default=\skip138
\@@between@author@skip@stretch=\skip139
\@@@between@author@skip@@stretch=\skip140
\@@between@author@skip@shrink=\skip141
\@@@between@author@skip@@shrink=\skip142
\@@before@abstract@skip@default=\skip143
\@@@before@abstract@skip@@default=\skip144
\@@before@abstract@skip@stretch=\skip145
\@@@before@abstract@skip@@stretch=\skip146
\@@before@abstract@skip@shrink=\skip147
\@@@before@abstract@skip@@shrink=\skip148
\@@after@abstracthead@skip@default=\skip149
\@@@after@abstracthead@skip@@default=\skip150
\@@after@abstracthead@skip@stretch=\skip151
\@@@after@abstracthead@skip@@stretch=\skip152
\@@after@abstracthead@skip@shrink=\skip153
\@@@after@abstracthead@skip@@shrink=\skip154
\@@between@abstract@skip@default=\skip155
\@@@between@abstract@skip@@default=\skip156
\@@between@abstract@skip@stretch=\skip157
\@@@between@abstract@skip@@stretch=\skip158
\@@between@abstract@skip@shrink=\skip159
\@@@between@abstract@skip@@shrink=\skip160
\@@before@kwd@skip@default=\skip161
\@@@before@kwd@skip@@default=\skip162
\@@before@kwd@skip@stretch=\skip163
\@@@before@kwd@skip@@stretch=\skip164
\@@before@kwd@skip@shrink=\skip165
\@@@before@kwd@skip@@shrink=\skip166
\@@before@dates@skip@default=\skip167
\@@@before@dates@skip@@default=\skip168
\@@before@dates@skip@stretch=\skip169
\@@@before@dates@skip@@stretch=\skip170
\@@before@dates@skip@shrink=\skip171
\@@@before@dates@skip@@shrink=\skip172
\MSextraHmargin=\skip173
\MSextraVmargin=\skip174
\c@kwdcounter=\count94
\@fulladdheight=\skip175
\@fulladddepth=\skip176
\@fulladdbox=\box26
\c@notecounter=\count95
\tf@biblio=\read1
\@kwhwidth=\skip177
\@kwtwidth=\skip178
\afterkwdskip=\skip179
\@rottabcapwidth=\skip180
\tabnotewidth=\skip181
\beforebiblioskip=\skip182
\afterbiblioskip=\skip183
\c@rmaabib=\count96
\c@plate=\count97
\c@plateloop=\count98
\c@figplatei=\count99
\c@figplateii=\count100
\c@figplateiii=\count101
\c@figplateiv=\count102
\c@figplatev=\count103
\c@figplatevi=\count104
\c@figplatevii=\count105
\c@figplateviii=\count106
\c@figplateix=\count107
\c@figplatex=\count108
\c@figplatexi=\count109
\c@figplatexii=\count110
\c@figplatexiii=\count111
\c@figplatexiv=\count112
\c@figplatexv=\count113
\c@IonStage=\count114
)
(/usr/local/texlive/2016/texmf-dist/tex/latex/paralist/paralist.sty
Package: paralist 2015/12/30 v2.5 Extended list environments
\pltopsep=\skip184
\plpartopsep=\skip185
\plitemsep=\skip186
\plparsep=\skip187
\pl@lab=\toks16
)
(/usr/local/texlive/2016/texmf-dist/tex/latex/psfrag/psfrag.sty
Package: psfrag 1998/04/11 v3.04 PSfrag (MCG)
\pfg@pcount=\count115
\pfg@scount=\count116
\pfg@temp=\write3
)
(/usr/local/texlive/2016/texmf-dist/tex/latex/graphics/color.sty
Package: color 2016/05/09 v1.1c Standard LaTeX Color (DPC)

(/usr/local/texlive/2016/texmf-dist/tex/latex/graphics-cfg/color.cfg
File: color.cfg 2016/01/02 v1.6 sample color configuration
)
Package color Info: Driver file: pdftex.def on input line 144.
)
(/usr/local/texlive/2016/texmf-dist/tex/latex/base/inputenc.sty
Package: inputenc 2015/03/17 v1.2c Input encoding file
\inpenc@prehook=\toks17
\inpenc@posthook=\toks18

(/usr/local/texlive/2016/texmf-dist/tex/latex/base/latin1.def
File: latin1.def 2015/03/17 v1.2c Input encoding file
))
(/usr/local/texlive/2016/texmf-dist/tex/latex/graphics/epsfig.sty
Package: epsfig 1999/02/16 v1.7a (e)psfig emulation (SPQR)
\epsfxsize=\dimen121
\epsfysize=\dimen122
)
(/usr/local/texlive/2016/texmf-dist/tex/latex/amsmath/amsmath.sty
Package: amsmath 2016/03/10 v2.15b AMS math features
\@mathmargin=\skip188

For additional information on amsmath, use the `?' option.
(/usr/local/texlive/2016/texmf-dist/tex/latex/amsmath/amstext.sty
Package: amstext 2000/06/29 v2.01 AMS text

(/usr/local/texlive/2016/texmf-dist/tex/latex/amsmath/amsgen.sty
File: amsgen.sty 1999/11/30 v2.0 generic functions
\@emptytoks=\toks19
\ex@=\dimen123
))
(/usr/local/texlive/2016/texmf-dist/tex/latex/amsmath/amsbsy.sty
Package: amsbsy 1999/11/29 v1.2d Bold Symbols
\pmbraise@=\dimen124
)
(/usr/local/texlive/2016/texmf-dist/tex/latex/amsmath/amsopn.sty
Package: amsopn 2016/03/08 v2.02 operator names
)
\inf@bad=\count117
LaTeX Info: Redefining \frac on input line 199.
\uproot@=\count118
\leftroot@=\count119
LaTeX Info: Redefining \overline on input line 297.
\classnum@=\count120
\DOTSCASE@=\count121
LaTeX Info: Redefining \ldots on input line 394.
LaTeX Info: Redefining \dots on input line 397.
LaTeX Info: Redefining \cdots on input line 518.
\Mathstrutbox@=\box27
\strutbox@=\box28
\big@size=\dimen125
LaTeX Font Info:    Redeclaring font encoding OML on input line 634.
LaTeX Font Info:    Redeclaring font encoding OMS on input line 635.
\macc@depth=\count122
\c@MaxMatrixCols=\count123
\dotsspace@=\muskip11
\c@parentequation=\count124
\dspbrk@lvl=\count125
\tag@help=\toks20
\row@=\count126
\column@=\count127
\maxfields@=\count128
\andhelp@=\toks21
\eqnshift@=\dimen126
\alignsep@=\dimen127
\tagshift@=\dimen128
\tagwidth@=\dimen129
\totwidth@=\dimen130
\lineht@=\dimen131
\@envbody=\toks22
\multlinegap=\skip189
\multlinetaggap=\skip190
\mathdisplay@stack=\toks23
LaTeX Info: Redefining \[ on input line 2739.
LaTeX Info: Redefining \] on input line 2740.
)
(./Inflation.aux)
\openout1 = `Inflation.aux'.

LaTeX Font Info:    Checking defaults for OML/cmm/m/it on input line 131.
LaTeX Font Info:    ... okay on input line 131.
LaTeX Font Info:    Checking defaults for T1/cmr/m/n on input line 131.
LaTeX Font Info:    ... okay on input line 131.
LaTeX Font Info:    Checking defaults for OT1/cmr/m/n on input line 131.
LaTeX Font Info:    ... okay on input line 131.
LaTeX Font Info:    Checking defaults for OMS/cmsy/m/n on input line 131.
LaTeX Font Info:    ... okay on input line 131.
LaTeX Font Info:    Checking defaults for OMX/cmex/m/n on input line 131.
LaTeX Font Info:    ... okay on input line 131.
LaTeX Font Info:    Checking defaults for U/cmr/m/n on input line 131.
LaTeX Font Info:    ... okay on input line 131.

(/usr/local/texlive/2016/texmf-dist/tex/context/base/mkii/supp-pdf.mkii
[Loading MPS to PDF converter (version 2006.09.02).]
\scratchcounter=\count129
\scratchdimen=\dimen132
\scratchbox=\box29
\nofMPsegments=\count130
\nofMParguments=\count131
\everyMPshowfont=\toks24
\MPscratchCnt=\count132
\MPscratchDim=\dimen133
\MPnumerator=\count133
\makeMPintoPDFobject=\count134
\everyMPtoPDFconversion=\toks25
) (/usr/local/texlive/2016/texmf-dist/tex/generic/oberdiek/pdftexcmds.sty
Package: pdftexcmds 2016/05/10 v0.21 Utility functions of pdfTeX for LuaTeX (HO
)

(/usr/local/texlive/2016/texmf-dist/tex/generic/oberdiek/ifluatex.sty
Package: ifluatex 2016/05/16 v1.4 Provides the ifluatex switch (HO)
Package ifluatex Info: LuaTeX not detected.
)
(/usr/local/texlive/2016/texmf-dist/tex/generic/oberdiek/ifpdf.sty
Package: ifpdf 2016/05/14 v3.1 Provides the ifpdf switch
)
Package pdftexcmds Info: LuaTeX not detected.
Package pdftexcmds Info: \pdf@primitive is available.
Package pdftexcmds Info: \pdf@ifprimitive is available.
Package pdftexcmds Info: \pdfdraftmode found.
)
(/usr/local/texlive/2016/texmf-dist/tex/latex/oberdiek/epstopdf-base.sty
Package: epstopdf-base 2016/05/15 v2.6 Base part for package epstopdf

(/usr/local/texlive/2016/texmf-dist/tex/latex/oberdiek/grfext.sty
Package: grfext 2016/05/16 v1.2 Manage graphics extensions (HO)

(/usr/local/texlive/2016/texmf-dist/tex/generic/oberdiek/kvdefinekeys.sty
Package: kvdefinekeys 2016/05/16 v1.4 Define keys (HO)
))
(/usr/local/texlive/2016/texmf-dist/tex/latex/oberdiek/kvoptions.sty
Package: kvoptions 2016/05/16 v3.12 Key value format for package options (HO)

(/usr/local/texlive/2016/texmf-dist/tex/generic/oberdiek/kvsetkeys.sty
Package: kvsetkeys 2016/05/16 v1.17 Key value parser (HO)

(/usr/local/texlive/2016/texmf-dist/tex/generic/oberdiek/etexcmds.sty
Package: etexcmds 2016/05/16 v1.6 Avoid name clashes with e-TeX commands (HO)
Package etexcmds Info: Could not find \expanded.
(etexcmds)             That can mean that you are not using pdfTeX 1.50 or
(etexcmds)             that some package has redefined \expanded.
(etexcmds)             In the latter case, load this package earlier.
)))
Package grfext Info: Graphics extension search list:
(grfext)             [.png,.pdf,.jpg,.mps,.jpeg,.jbig2,.jb2,.PNG,.PDF,.JPG,.JPE
G,.JBIG2,.JB2,.eps]
(grfext)             \AppendGraphicsExtensions on input line 456.

(/usr/local/texlive/2016/texmf-dist/tex/latex/latexconfig/epstopdf-sys.cfg
File: epstopdf-sys.cfg 2010/07/13 v1.3 Configuration of (r)epstopdf for TeX Liv
e
))
\@indexfile=\write4
\openout4 = `Inflation.idx'.


Writing index file Inflation.idx
[1
Non-PDF special ignored!{/usr/local/texlive/2016/texmf-var/fonts/map/pdftex/upd
map/pdftex.map}

] [2] [3]

Package amsmath Warning: Foreign command \over;
(amsmath)                \frac or \genfrac should be used instead
(amsmath)                 on input line 277.

LaTeX Font Info:    Try loading font information for OMS+cmr on input line 283.

(/usr/local/texlive/2016/texmf-dist/tex/latex/base/omscmr.fd
File: omscmr.fd 2014/09/29 v2.5h Standard LaTeX font definitions
)
LaTeX Font Info:    Font shape `OMS/cmr/m/n' in size <10> not available
(Font)              Font shape `OMS/cmsy/m/n' tried instead on input line 283.
 [4]
<wmap7.png, id=27, 1031.855pt x 628.3475pt>
File: wmap7.png Graphic file (type png)
 <use wmap7.png>
Package pdftex.def Info: wmap7.png used on input line 377.
(pdftex.def)             Requested size: 210.0pt x 127.87247pt.
 [5 <./wmap7.png>]
[6] [7] <infla_1.pdf, id=40, 1027.84pt x 790.955pt>
File: infla_1.pdf Graphic file (type pdf)
 <use infla_1.pdf>
Package pdftex.def Info: infla_1.pdf used on input line 503.
(pdftex.def)             Requested size: 180.0pt x 138.51575pt.
 [8 <./infla_1.pdf>] [9] [10] <Field.pdf, id=99, 236.885pt x 172.645pt>
File: Field.pdf Graphic file (type pdf)
 <use Field.pdf>
Package pdftex.def Info: Field.pdf used on input line 750.
(pdftex.def)             Requested size: 180.0pt x 131.19048pt.

[11] [12 <./Field.pdf>] [13] [14] [15] [16]
<zoology.pdf, id=133, 557.08125pt x 418.56375pt>
File: zoology.pdf Graphic file (type pdf)
 <use zoology.pdf>
Package pdftex.def Info: zoology.pdf used on input line 1095.
(pdftex.def)             Requested size: 270.0pt x 202.86905pt.

<new2.pdf, id=134, 597.50786pt x 845.04686pt>
File: new2.pdf Graphic file (type pdf)
 <use new2.pdf>
Package pdftex.def Info: new2.pdf used on input line 1127.
(pdftex.def)             Requested size: 199.16707pt x 113.80719pt.
 [17] [18 <./new2.pdf> <./zoology.pdf>] <new1.pdf, id=167, 597.50786pt x 845.04
686pt>
File: new1.pdf Graphic file (type pdf)

<use new1.pdf>
Package pdftex.def Info: new1.pdf used on input line 1191.
(pdftex.def)             Requested size: 199.16707pt x 113.80719pt.
 [19 <./new1.pdf>] [20]
<zoo.pdf, id=194, 597.50786pt x 845.04686pt>
File: zoo.pdf Graphic file (type pdf)
 <use zoo.pdf>
Package pdftex.def Info: zoo.pdf used on input line 1329.
(pdftex.def)             Requested size: 199.16576pt x 170.7113pt.
 [21 <./zoo.pdf>]
<rn.pdf, id=270, 576.1525pt x 576.1525pt>
File: rn.pdf Graphic file (type pdf)
 <use rn.pdf>
Package pdftex.def Info: rn.pdf used on input line 1383.
(pdftex.def)             Requested size: 256.07057pt x 184.94012pt.


LaTeX Warning: `!h' float specifier changed to `!ht'.

<komatsu1.pdf, id=272, 423.5825pt x 388.45125pt>
File: komatsu1.pdf Graphic file (type pdf)
 <use komatsu1.pdf>
Package pdftex.def Info: komatsu1.pdf used on input line 1399.
(pdftex.def)             Requested size: 199.16582pt x 113.81145pt.


LaTeX Warning: `!h' float specifier changed to `!ht'.

<infla_wmap7.pdf, id=274, 614.295pt x 794.97pt>
File: infla_wmap7.pdf Graphic file (type pdf)
 <use infla_wmap7.pdf>
Package pdftex.def Info: infla_wmap7.pdf used on input line 1418.
(pdftex.def)             Requested size: 227.624pt x 170.71497pt.


LaTeX Warning: `!h' float specifier changed to `!ht'.

[22] <planck.pdf, id=280, 614.295pt x 794.97pt>
File: planck.pdf Graphic file (type pdf)
 <use planck.pdf>
Package pdftex.def Info: planck.pdf used on input line 1435.
(pdftex.def)             Requested size: 170.71942pt x 128.03004pt.


LaTeX Warning: `!h' float specifier changed to `!ht'.

[23 <./rn.pdf> <./komatsu1.pdf>] <zoonorun.pdf, id=293, 602.25pt x 401.5pt>
File: zoonorun.pdf Graphic file (type pdf)

<use zoonorun.pdf>
Package pdftex.def Info: zoonorun.pdf used on input line 1457.
(pdftex.def)             Requested size: 220.0pt x 146.66574pt.


LaTeX Warning: `!h' float specifier changed to `!ht'.

[24 <./infla_wmap7.pdf> <./planck.pdf>]
<komatsu2.pdf, id=305, 251.94125pt x 520.94624pt>
File: komatsu2.pdf Graphic file (type pdf)
 <use komatsu2.pdf>
Package pdftex.def Info: komatsu2.pdf used on input line 1491.
(pdftex.def)             Requested size: 190.0pt x 392.87085pt.


LaTeX Warning: `!h' float specifier changed to `!ht'.

<ACT.png, id=306, 513.92pt x 386.44376pt>
File: ACT.png Graphic file (type png)
 <use ACT.png>
Package pdftex.def Info: ACT.png used on input line 1506.
(pdftex.def)             Requested size: 170.71742pt x 170.71573pt.

<SPT.png, id=308, 459.7175pt x 392.46625pt>
File: SPT.png Graphic file (type png)
 <use SPT.png>
Package pdftex.def Info: SPT.png used on input line 1507.
(pdftex.def)             Requested size: 170.71695pt x 170.7189pt.

Overfull \hbox (7.345pt too wide) in paragraph at lines 1506--1513
[][] [] 
 []


LaTeX Warning: `!h' float specifier changed to `!ht'.


LaTeX Warning: `!h' float specifier changed to `!ht'.

[25 <./zoonorun.pdf>] [26 <./komatsu2.pdf>] [27 <./ACT.png> <./SPT.png>]
[28]
Class rmaa Info: Calling @outputaddressesifnecessary on input line 1749.
 [29] (./Inflation.aux) ) 
Here is how much of TeX's memory you used:
 4707 strings out of 493014
 64642 string characters out of 6133351
 150092 words of memory out of 5000000
 8138 multiletter control sequences out of 15000+600000
 12356 words of font info for 43 fonts, out of 8000000 for 9000
 1153 hyphenation exceptions out of 8191
 38i,14n,27p,245b,501s stack positions out of 5000i,500n,10000p,200000b,80000s
</usr/local/texlive/2016/texmf-dist/fonts/type1/public
/amsfonts/cm/cmbx10.pfb></usr/local/texlive/2016/texmf-dist/fonts/type1/public/
amsfonts/cm/cmbx12.pfb></usr/local/texlive/2016/texmf-dist/fonts/type1/public/a
msfonts/cm/cmbx7.pfb></usr/local/texlive/2016/texmf-dist/fonts/type1/public/ams
fonts/cm/cmcsc10.pfb></usr/local/texlive/2016/texmf-dist/fonts/type1/public/ams
fonts/cm/cmex10.pfb></usr/local/texlive/2016/texmf-dist/fonts/type1/public/amsf
onts/cm/cmmi10.pfb></usr/local/texlive/2016/texmf-dist/fonts/type1/public/amsfo
nts/cm/cmmi5.pfb></usr/local/texlive/2016/texmf-dist/fonts/type1/public/amsfont
s/cm/cmmi7.pfb></usr/local/texlive/2016/texmf-dist/fonts/type1/public/amsfonts/
cm/cmmi8.pfb></usr/local/texlive/2016/texmf-dist/fonts/type1/public/amsfonts/cm
/cmmi9.pfb></usr/local/texlive/2016/texmf-dist/fonts/type1/public/amsfonts/cm/c
mr10.pfb></usr/local/texlive/2016/texmf-dist/fonts/type1/public/amsfonts/cm/cmr
5.pfb></usr/local/texlive/2016/texmf-dist/fonts/type1/public/amsfonts/cm/cmr6.p
fb></usr/local/texlive/2016/texmf-dist/fonts/type1/public/amsfonts/cm/cmr7.pfb>
</usr/local/texlive/2016/texmf-dist/fonts/type1/public/amsfonts/cm/cmr8.pfb></u
sr/local/texlive/2016/texmf-dist/fonts/type1/public/amsfonts/cm/cmr9.pfb></usr/
local/texlive/2016/texmf-dist/fonts/type1/public/amsfonts/cm/cmsy10.pfb></usr/l
ocal/texlive/2016/texmf-dist/fonts/type1/public/amsfonts/cm/cmsy7.pfb></usr/loc
al/texlive/2016/texmf-dist/fonts/type1/public/amsfonts/cm/cmsy8.pfb></usr/local
/texlive/2016/texmf-dist/fonts/type1/public/amsfonts/cm/cmti10.pfb></usr/local/
texlive/2016/texmf-dist/fonts/type1/public/amsfonts/cm/cmti9.pfb>
Output written on Inflation.pdf (29 pages, 1210338 bytes).
PDF statistics:
 410 PDF objects out of 1000 (max. 8388607)
 269 compressed objects within 3 object streams
 0 named destinations out of 1000 (max. 500000)
 130 words of extra memory for PDF output out of 10000 (max. 10000000)

