This is pdfTeX, Version 3.14159265-2.6-1.40.16 (TeX Live 2015/Debian) (preloaded format=pdflatex 2017.9.14)  1 NOV 2017 02:38
entering extended mode
 restricted \write18 enabled.
 %&-line parsing enabled.
**inflation2.tex
(./inflation2.tex
LaTeX2e <2016/02/01>
Babel <3.9q> and hyphenation patterns for 81 language(s) loaded.
(./rmaa.cls
Document Class: rmaa 2011/08/15 v3.26 RevMexAA article class
Manuscript for referee
(/usr/share/texlive/texmf-dist/tex/latex/base/article.cls
Document Class: article 2014/09/29 v1.4h Standard LaTeX document class
(/usr/share/texlive/texmf-dist/tex/latex/base/size10.clo
File: size10.clo 2014/09/29 v1.4h Standard LaTeX file (size option)
)
\c@part=\count79
\c@section=\count80
\c@subsection=\count81
\c@subsubsection=\count82
\c@paragraph=\count83
\c@subparagraph=\count84
\c@figure=\count85
\c@table=\count86
\abovecaptionskip=\skip41
\belowcaptionskip=\skip42
\bibindent=\dimen102
)
(/usr/share/texlive/texmf-dist/tex/latex/natbib/natbib.sty
Package: natbib 2010/09/13 8.31b (PWD, AO)
\bibhang=\skip43
\bibsep=\skip44
LaTeX Info: Redefining \cite on input line 694.
\c@NAT@ctr=\count87
)
(/usr/share/texlive/texmf-dist/tex/latex/graphics/graphicx.sty
Package: graphicx 2014/10/28 v1.0g Enhanced LaTeX Graphics (DPC,SPQR)

(/usr/share/texlive/texmf-dist/tex/latex/graphics/keyval.sty
Package: keyval 2014/10/28 v1.15 key=value parser (DPC)
\KV@toks@=\toks14
)
(/usr/share/texlive/texmf-dist/tex/latex/graphics/graphics.sty
Package: graphics 2016/01/03 v1.0q Standard LaTeX Graphics (DPC,SPQR)

(/usr/share/texlive/texmf-dist/tex/latex/graphics/trig.sty
Package: trig 2016/01/03 v1.10 sin cos tan (DPC)
)
(/usr/share/texlive/texmf-dist/tex/latex/latexconfig/graphics.cfg
File: graphics.cfg 2010/04/23 v1.9 graphics configuration of TeX Live
)
Package graphics Info: Driver file: pdftex.def on input line 95.

(/usr/share/texlive/texmf-dist/tex/latex/pdftex-def/pdftex.def
File: pdftex.def 2011/05/27 v0.06d Graphics/color for pdfTeX

(/usr/share/texlive/texmf-dist/tex/generic/oberdiek/infwarerr.sty
Package: infwarerr 2010/04/08 v1.3 Providing info/warning/error messages (HO)
)
(/usr/share/texlive/texmf-dist/tex/generic/oberdiek/ltxcmds.sty
Package: ltxcmds 2011/11/09 v1.22 LaTeX kernel commands for general use (HO)
)
\Gread@gobject=\count88
))
\Gin@req@height=\dimen103
\Gin@req@width=\dimen104
)
(/usr/share/texlive/texmf-dist/tex/latex/base/ifthen.sty
Package: ifthen 2014/09/29 v1.1c Standard LaTeX ifthen package (DPC)
)
(/usr/share/texlive/texmf-dist/tex/generic/babel/babel.sty
Package: babel 2016/02/24 3.9q The Babel package

(/usr/share/texlive/texmf-dist/tex/generic/babel-english/english.ldf
Language: english 2012/08/20 v3.3p English support from the babel system

(/usr/share/texlive/texmf-dist/tex/generic/babel/babel.def
File: babel.def 2016/02/24 3.9q Babel common definitions
\babel@savecnt=\count89
\U@D=\dimen105
)
\l@canadian = a dialect from \language\l@american 
\l@australian = a dialect from \language\l@british 
\l@newzealand = a dialect from \language\l@british 
))
(/usr/share/texlive/texmf-dist/tex/latex/tools/dcolumn.sty
Package: dcolumn 2014/10/28 v1.06 decimal alignment package (DPC)

(/usr/share/texlive/texmf-dist/tex/latex/tools/array.sty
Package: array 2014/10/28 v2.4c Tabular extension package (FMi)
\col@sep=\dimen106
\extrarowheight=\dimen107
\NC@list=\toks15
\extratabsurround=\skip45
\backup@length=\skip46
))
(/usr/share/texlive/texmf-dist/tex/latex/booktabs/booktabs.sty
Package: booktabs 2005/04/14 v1.61803 publication quality tables
\heavyrulewidth=\dimen108
\lightrulewidth=\dimen109
\cmidrulewidth=\dimen110
\belowrulesep=\dimen111
\belowbottomsep=\dimen112
\aboverulesep=\dimen113
\abovetopsep=\dimen114
\cmidrulesep=\dimen115
\cmidrulekern=\dimen116
\defaultaddspace=\dimen117
\@cmidla=\count90
\@cmidlb=\count91
\@aboverulesep=\dimen118
\@belowrulesep=\dimen119
\@thisruleclass=\count92
\@lastruleclass=\count93
\@thisrulewidth=\dimen120
)
(/usr/share/texlive/texmf-dist/tex/latex/base/makeidx.sty
Package: makeidx 2014/09/29 v1.0m Standard LaTeX package
)
(/usr/share/texlive/texmf-dist/tex/latex/url/url.sty
\Urlmuskip=\muskip10
Package: url 2013/09/16  ver 3.4  Verb mode for urls, etc.
)
\@parskip@default=\skip47
\@@parskip@@default=\skip48
\@parskip@stretch=\skip49
\@@parskip@@stretch=\skip50
\@parskip@shrink=\skip51
\@@parskip@@shrink=\skip52
\abovesectionskip=\skip53
\belowsectionskip=\skip54
\aboveparaskip=\skip55
\belowparaskip=\skip56
\@abovesectionskip@default=\skip57
\@@abovesectionskip@@default=\skip58
\@abovesectionskip@stretch=\skip59
\@@abovesectionskip@@stretch=\skip60
\@abovesectionskip@shrink=\skip61
\@@abovesectionskip@@shrink=\skip62
\@belowsectionskip@default=\skip63
\@@belowsectionskip@@default=\skip64
\@belowsectionskip@stretch=\skip65
\@@belowsectionskip@@stretch=\skip66
\@belowsectionskip@shrink=\skip67
\@@belowsectionskip@@shrink=\skip68
\@aboveparaskip@default=\skip69
\@@aboveparaskip@@default=\skip70
\@aboveparaskip@stretch=\skip71
\@@aboveparaskip@@stretch=\skip72
\@aboveparaskip@shrink=\skip73
\@@aboveparaskip@@shrink=\skip74
\@belowparaskip@default=\skip75
\@@belowparaskip@@default=\skip76
\@belowparaskip@stretch=\skip77
\@@belowparaskip@@stretch=\skip78
\@belowparaskip@shrink=\skip79
\@@belowparaskip@@shrink=\skip80
\@floatsep@default=\skip81
\@@floatsep@@default=\skip82
\@floatsep@stretch=\skip83
\@@floatsep@@stretch=\skip84
\@floatsep@shrink=\skip85
\@@floatsep@@shrink=\skip86
\@textfloatsep@default=\skip87
\@@textfloatsep@@default=\skip88
\@textfloatsep@stretch=\skip89
\@@textfloatsep@@stretch=\skip90
\@textfloatsep@shrink=\skip91
\@@textfloatsep@@shrink=\skip92
\@intextsep@default=\skip93
\@@intextsep@@default=\skip94
\@intextsep@stretch=\skip95
\@@intextsep@@stretch=\skip96
\@intextsep@shrink=\skip97
\@@intextsep@@shrink=\skip98
\@dblfloatsep@default=\skip99
\@@dblfloatsep@@default=\skip100
\@dblfloatsep@stretch=\skip101
\@@dblfloatsep@@stretch=\skip102
\@dblfloatsep@shrink=\skip103
\@@dblfloatsep@@shrink=\skip104
\@dbltextfloatsep@default=\skip105
\@@dbltextfloatsep@@default=\skip106
\@dbltextfloatsep@stretch=\skip107
\@@dbltextfloatsep@@stretch=\skip108
\@dbltextfloatsep@shrink=\skip109
\@@dbltextfloatsep@@shrink=\skip110
\@abovecaptionskip@default=\skip111
\@@abovecaptionskip@@default=\skip112
\@abovecaptionskip@stretch=\skip113
\@@abovecaptionskip@@stretch=\skip114
\@abovecaptionskip@shrink=\skip115
\@@abovecaptionskip@@shrink=\skip116
\@before@title@skip=\skip117
\@before@author@skip=\skip118
\@between@author@skip=\skip119
\@before@abstract@skip=\skip120
\@after@abstracthead@skip=\skip121
\@between@abstract@skip=\skip122
\@before@kwd@skip=\skip123
\@before@dates@skip=\skip124
\@@before@title@skip@default=\skip125
\@@@before@title@skip@@default=\skip126
\@@before@title@skip@stretch=\skip127
\@@@before@title@skip@@stretch=\skip128
\@@before@title@skip@shrink=\skip129
\@@@before@title@skip@@shrink=\skip130
\@@before@author@skip@default=\skip131
\@@@before@author@skip@@default=\skip132
\@@before@author@skip@stretch=\skip133
\@@@before@author@skip@@stretch=\skip134
\@@before@author@skip@shrink=\skip135
\@@@before@author@skip@@shrink=\skip136
\@@between@author@skip@default=\skip137
\@@@between@author@skip@@default=\skip138
\@@between@author@skip@stretch=\skip139
\@@@between@author@skip@@stretch=\skip140
\@@between@author@skip@shrink=\skip141
\@@@between@author@skip@@shrink=\skip142
\@@before@abstract@skip@default=\skip143
\@@@before@abstract@skip@@default=\skip144
\@@before@abstract@skip@stretch=\skip145
\@@@before@abstract@skip@@stretch=\skip146
\@@before@abstract@skip@shrink=\skip147
\@@@before@abstract@skip@@shrink=\skip148
\@@after@abstracthead@skip@default=\skip149
\@@@after@abstracthead@skip@@default=\skip150
\@@after@abstracthead@skip@stretch=\skip151
\@@@after@abstracthead@skip@@stretch=\skip152
\@@after@abstracthead@skip@shrink=\skip153
\@@@after@abstracthead@skip@@shrink=\skip154
\@@between@abstract@skip@default=\skip155
\@@@between@abstract@skip@@default=\skip156
\@@between@abstract@skip@stretch=\skip157
\@@@between@abstract@skip@@stretch=\skip158
\@@between@abstract@skip@shrink=\skip159
\@@@between@abstract@skip@@shrink=\skip160
\@@before@kwd@skip@default=\skip161
\@@@before@kwd@skip@@default=\skip162
\@@before@kwd@skip@stretch=\skip163
\@@@before@kwd@skip@@stretch=\skip164
\@@before@kwd@skip@shrink=\skip165
\@@@before@kwd@skip@@shrink=\skip166
\@@before@dates@skip@default=\skip167
\@@@before@dates@skip@@default=\skip168
\@@before@dates@skip@stretch=\skip169
\@@@before@dates@skip@@stretch=\skip170
\@@before@dates@skip@shrink=\skip171
\@@@before@dates@skip@@shrink=\skip172
\MSextraHmargin=\skip173
\MSextraVmargin=\skip174
\c@kwdcounter=\count94
\@fulladdheight=\skip175
\@fulladddepth=\skip176
\@fulladdbox=\box26
\c@notecounter=\count95
\tf@biblio=\read1
\@kwhwidth=\skip177
\@kwtwidth=\skip178
\afterkwdskip=\skip179
\@rottabcapwidth=\skip180
\tabnotewidth=\skip181
\beforebiblioskip=\skip182
\afterbiblioskip=\skip183
\c@rmaabib=\count96
\c@plate=\count97
\c@plateloop=\count98
\c@figplatei=\count99
\c@figplateii=\count100
\c@figplateiii=\count101
\c@figplateiv=\count102
\c@figplatev=\count103
\c@figplatevi=\count104
\c@figplatevii=\count105
\c@figplateviii=\count106
\c@figplateix=\count107
\c@figplatex=\count108
\c@figplatexi=\count109
\c@figplatexii=\count110
\c@figplatexiii=\count111
\c@figplatexiv=\count112
\c@figplatexv=\count113
\c@IonStage=\count114
)
(/usr/share/texlive/texmf-dist/tex/latex/paralist/paralist.sty
Package: paralist 2015/12/30 v2.5 Extended list environments
\pltopsep=\skip184
\plpartopsep=\skip185
\plitemsep=\skip186
\plparsep=\skip187
\pl@lab=\toks16
)
(/usr/share/texlive/texmf-dist/tex/latex/psfrag/psfrag.sty
Package: psfrag 1998/04/11 v3.04 PSfrag (MCG)
\pfg@pcount=\count115
\pfg@scount=\count116
\pfg@temp=\write3
)
(/usr/share/texlive/texmf-dist/tex/latex/graphics/color.sty
Package: color 2016/01/03 v1.1b Standard LaTeX Color (DPC)

(/usr/share/texlive/texmf-dist/tex/latex/latexconfig/color.cfg
File: color.cfg 2007/01/18 v1.5 color configuration of teTeX/TeXLive
)
Package color Info: Driver file: pdftex.def on input line 143.
)
(/usr/share/texlive/texmf-dist/tex/latex/base/inputenc.sty
Package: inputenc 2015/03/17 v1.2c Input encoding file
\inpenc@prehook=\toks17
\inpenc@posthook=\toks18

(/usr/share/texlive/texmf-dist/tex/latex/base/latin1.def
File: latin1.def 2015/03/17 v1.2c Input encoding file
))
(/usr/share/texlive/texmf-dist/tex/latex/graphics/epsfig.sty
Package: epsfig 1999/02/16 v1.7a (e)psfig emulation (SPQR)
\epsfxsize=\dimen121
\epsfysize=\dimen122
)
(/usr/share/texlive/texmf-dist/tex/latex/amsmath/amsmath.sty
Package: amsmath 2016/03/03 v2.15a AMS math features
\@mathmargin=\skip188

For additional information on amsmath, use the `?' option.
(/usr/share/texlive/texmf-dist/tex/latex/amsmath/amstext.sty
Package: amstext 2000/06/29 v2.01 AMS text

(/usr/share/texlive/texmf-dist/tex/latex/amsmath/amsgen.sty
File: amsgen.sty 1999/11/30 v2.0 generic functions
\@emptytoks=\toks19
\ex@=\dimen123
))
(/usr/share/texlive/texmf-dist/tex/latex/amsmath/amsbsy.sty
Package: amsbsy 1999/11/29 v1.2d Bold Symbols
\pmbraise@=\dimen124
)
(/usr/share/texlive/texmf-dist/tex/latex/amsmath/amsopn.sty
Package: amsopn 1999/12/14 v2.01 operator names
)
\inf@bad=\count117
LaTeX Info: Redefining \frac on input line 199.
\uproot@=\count118
\leftroot@=\count119
LaTeX Info: Redefining \overline on input line 297.
\classnum@=\count120
\DOTSCASE@=\count121
LaTeX Info: Redefining \ldots on input line 394.
LaTeX Info: Redefining \dots on input line 397.
LaTeX Info: Redefining \cdots on input line 518.
\Mathstrutbox@=\box27
\strutbox@=\box28
\big@size=\dimen125
LaTeX Font Info:    Redeclaring font encoding OML on input line 630.
LaTeX Font Info:    Redeclaring font encoding OMS on input line 631.
\macc@depth=\count122
\c@MaxMatrixCols=\count123
\dotsspace@=\muskip11
\c@parentequation=\count124
\dspbrk@lvl=\count125
\tag@help=\toks20
\row@=\count126
\column@=\count127
\maxfields@=\count128
\andhelp@=\toks21
\eqnshift@=\dimen126
\alignsep@=\dimen127
\tagshift@=\dimen128
\tagwidth@=\dimen129
\totwidth@=\dimen130
\lineht@=\dimen131
\@envbody=\toks22
\multlinegap=\skip189
\multlinetaggap=\skip190
\mathdisplay@stack=\toks23
LaTeX Info: Redefining \[ on input line 2735.
LaTeX Info: Redefining \] on input line 2736.
) (./inflation2.aux)
\openout1 = `inflation2.aux'.

LaTeX Font Info:    Checking defaults for OML/cmm/m/it on input line 130.
LaTeX Font Info:    ... okay on input line 130.
LaTeX Font Info:    Checking defaults for T1/cmr/m/n on input line 130.
LaTeX Font Info:    ... okay on input line 130.
LaTeX Font Info:    Checking defaults for OT1/cmr/m/n on input line 130.
LaTeX Font Info:    ... okay on input line 130.
LaTeX Font Info:    Checking defaults for OMS/cmsy/m/n on input line 130.
LaTeX Font Info:    ... okay on input line 130.
LaTeX Font Info:    Checking defaults for OMX/cmex/m/n on input line 130.
LaTeX Font Info:    ... okay on input line 130.
LaTeX Font Info:    Checking defaults for U/cmr/m/n on input line 130.
LaTeX Font Info:    ... okay on input line 130.
 (/usr/share/texlive/texmf-dist/tex/context/base/supp-pdf.mkii
[Loading MPS to PDF converter (version 2006.09.02).]
\scratchcounter=\count129
\scratchdimen=\dimen132
\scratchbox=\box29
\nofMPsegments=\count130
\nofMParguments=\count131
\everyMPshowfont=\toks24
\MPscratchCnt=\count132
\MPscratchDim=\dimen133
\MPnumerator=\count133
\makeMPintoPDFobject=\count134
\everyMPtoPDFconversion=\toks25
) (/usr/share/texlive/texmf-dist/tex/generic/oberdiek/pdftexcmds.sty
Package: pdftexcmds 2011/11/29 v0.20 Utility functions of pdfTeX for LuaTeX (HO
)

(/usr/share/texlive/texmf-dist/tex/generic/oberdiek/ifluatex.sty
Package: ifluatex 2010/03/01 v1.3 Provides the ifluatex switch (HO)
Package ifluatex Info: LuaTeX not detected.
)
(/usr/share/texlive/texmf-dist/tex/generic/oberdiek/ifpdf.sty
Package: ifpdf 2011/01/30 v2.3 Provides the ifpdf switch (HO)
Package ifpdf Info: pdfTeX in PDF mode is detected.
)
Package pdftexcmds Info: LuaTeX not detected.
Package pdftexcmds Info: \pdf@primitive is available.
Package pdftexcmds Info: \pdf@ifprimitive is available.
Package pdftexcmds Info: \pdfdraftmode found.
)
(/usr/share/texlive/texmf-dist/tex/latex/oberdiek/epstopdf-base.sty
Package: epstopdf-base 2010/02/09 v2.5 Base part for package epstopdf

(/usr/share/texlive/texmf-dist/tex/latex/oberdiek/grfext.sty
Package: grfext 2010/08/19 v1.1 Manage graphics extensions (HO)

(/usr/share/texlive/texmf-dist/tex/generic/oberdiek/kvdefinekeys.sty
Package: kvdefinekeys 2011/04/07 v1.3 Define keys (HO)
))
(/usr/share/texlive/texmf-dist/tex/latex/oberdiek/kvoptions.sty
Package: kvoptions 2011/06/30 v3.11 Key value format for package options (HO)

(/usr/share/texlive/texmf-dist/tex/generic/oberdiek/kvsetkeys.sty
Package: kvsetkeys 2012/04/25 v1.16 Key value parser (HO)

(/usr/share/texlive/texmf-dist/tex/generic/oberdiek/etexcmds.sty
Package: etexcmds 2011/02/16 v1.5 Avoid name clashes with e-TeX commands (HO)
Package etexcmds Info: Could not find \expanded.
(etexcmds)             That can mean that you are not using pdfTeX 1.50 or
(etexcmds)             that some package has redefined \expanded.
(etexcmds)             In the latter case, load this package earlier.
)))
Package grfext Info: Graphics extension search list:
(grfext)             [.png,.pdf,.jpg,.mps,.jpeg,.jbig2,.jb2,.PNG,.PDF,.JPG,.JPE
G,.JBIG2,.JB2,.eps]
(grfext)             \AppendGraphicsExtensions on input line 452.

(/usr/share/texlive/texmf-dist/tex/latex/latexconfig/epstopdf-sys.cfg
File: epstopdf-sys.cfg 2010/07/13 v1.3 Configuration of (r)epstopdf for TeX Liv
e
))
\@indexfile=\write4
\openout4 = `inflation2.idx'.


Writing index file inflation2.idx
[1
Non-PDF special ignored!{/var/lib/texmf/fonts/map/pdftex/updmap/pdftex.map}

]
[2] [3]

Package amsmath Warning: Foreign command \over;
(amsmath)                \frac or \genfrac should be used instead
(amsmath)                 on input line 280.

LaTeX Font Info:    Try loading font information for OMS+cmr on input line 286.

(/usr/share/texlive/texmf-dist/tex/latex/base/omscmr.fd
File: omscmr.fd 2014/09/29 v2.5h Standard LaTeX font definitions
)
LaTeX Font Info:    Font shape `OMS/cmr/m/n' in size <10> not available
(Font)              Font shape `OMS/cmsy/m/n' tried instead on input line 286.
 [4]
<201312_planck.jpg, id=27, 823.075pt x 444.66125pt>
File: 201312_planck.jpg Graphic file (type jpg)
 <use 201312_planck.jpg>
Package pdftex.def Info: 201312_planck.jpg used on input line 382.
(pdftex.def)             Requested size: 210.0pt x 113.45157pt.

[5] [6 <./201312_planck.jpg>] [7]
<infla1.png, id=39, 966.61125pt x 502.87875pt>
File: infla1.png Graphic file (type png)
 <use infla1.png>
Package pdftex.def Info: infla1.png used on input line 507.
(pdftex.def)             Requested size: 207.69362pt x 119.5021pt.

<pic2.png, id=41, 696.6025pt x 483.8075pt>
File: pic2.png Graphic file (type png)
 <use pic2.png>
Package pdftex.def Info: pic2.png used on input line 508.
(pdftex.def)             Requested size: 122.33833pt x 99.57982pt.
 [8 <./infla1.png> <./pic2.png>] <dens_infla.jpg, id=48, 766.865pt x 391.4625pt
>
File: dens_infla.jpg Graphic file (type jpg)

<use dens_infla.jpg>
Package pdftex.def Info: dens_infla.jpg used on input line 573.
(pdftex.def)             Requested size: 200.0pt x 102.09442pt.
 [9 <./dens_infla.jpg>] [10] [11]
<Field.pdf, id=63, 236.885pt x 172.645pt>
File: Field.pdf Graphic file (type pdf)
 <use Field.pdf>
Package pdftex.def Info: Field.pdf used on input line 771.
(pdftex.def)             Requested size: 180.0pt x 131.19048pt.
 [12 <./Field.pdf>]
[13] [14] [15] [16] [17] [18] <zoology.pdf, id=100, 557.08125pt x 418.56375pt>
File: zoology.pdf Graphic file (type pdf)

<use zoology.pdf>
Package pdftex.def Info: zoology.pdf used on input line 1154.
(pdftex.def)             Requested size: 284.52658pt x 142.26503pt.
 [19 <./zoology.pdf>]
<new2.pdf, id=115, 597.50786pt x 845.04686pt>
File: new2.pdf Graphic file (type pdf)
 <use new2.pdf>
Package pdftex.def Info: new2.pdf used on input line 1186.
(pdftex.def)             Requested size: 199.16707pt x 113.80719pt.
 [20 <./new2.pdf>]
<new1.pdf, id=137, 597.50786pt x 845.04686pt>
File: new1.pdf Graphic file (type pdf)
 <use new1.pdf>
Package pdftex.def Info: new1.pdf used on input line 1263.
(pdftex.def)             Requested size: 199.16707pt x 113.80719pt.
 [21 <./new1.pdf>]
[22] <Zoo.pdf, id=162, 597.50786pt x 845.04686pt>
File: Zoo.pdf Graphic file (type pdf)
 <use Zoo.pdf>
Package pdftex.def Info: Zoo.pdf used on input line 1412.
(pdftex.def)             Requested size: 199.16576pt x 170.7113pt.
 [23 <./Zoo.pdf>] <CMB_ns.pdf, id=239, 361.35pt x 252.945pt>
File: CMB_ns.pdf Graphic file (type pdf)
 <use CMB_ns.pdf>
Package pdftex.def Info: CMB_ns.pdf used on input line 1459.
(pdftex.def)             Requested size: 162.17807pt x 99.58292pt.

<CMB_ratio.pdf, id=241, 361.35pt x 252.945pt>
File: CMB_ratio.pdf Graphic file (type pdf)
 <use CMB_ratio.pdf>
Package pdftex.def Info: CMB_ratio.pdf used on input line 1460.
(pdftex.def)             Requested size: 162.17807pt x 99.58292pt.
 [24]
<rn.png, id=246, 575.9919pt x 346.896pt>
File: rn.png Graphic file (type png)
 <use rn.png>
Package pdftex.def Info: rn.png used on input line 1505.
(pdftex.def)             Requested size: 256.07567pt x 184.9509pt.


LaTeX Warning: `!h' float specifier changed to `!ht'.

[25 <./CMB_ns.pdf> <./CMB_ratio.pdf>]
<komatsu1.pdf, id=354, 441.5948pt x 431.55856pt>
File: komatsu1.pdf Graphic file (type pdf)
 <use komatsu1.pdf>
Package pdftex.def Info: komatsu1.pdf used on input line 1521.
(pdftex.def)             Requested size: 199.175pt x 113.80792pt.

<infla_wmap7.pdf, id=356, 614.295pt x 794.97pt>
File: infla_wmap7.pdf Graphic file (type pdf)
 <use infla_wmap7.pdf>
Package pdftex.def Info: infla_wmap7.pdf used on input line 1542.
(pdftex.def)             Requested size: 227.624pt x 170.71497pt.


LaTeX Warning: `!h' float specifier changed to `!ht'.

[26 <./rn.png> <./komatsu1.pdf>]
<planckres.png, id=377, 421.575pt x 310.15875pt>
File: planckres.png Graphic file (type png)
 <use planckres.png>
Package pdftex.def Info: planckres.png used on input line 1554.
(pdftex.def)             Requested size: 199.16928pt x 146.53185pt.
 [27 <./infla_wmap7.pdf> <./planckres.png>] <zoonorun.pdf, id=385, 602.25pt x 4
01.5pt>
File: zoonorun.pdf Graphic file (type pdf)

<use zoonorun.pdf>
Package pdftex.def Info: zoonorun.pdf used on input line 1592.
(pdftex.def)             Requested size: 220.0pt x 146.66574pt.
 <komatsu2.pdf, id=386, 251.94125pt x 520.94624pt>
File: komatsu2.pdf Graphic file (type pdf)

<use komatsu2.pdf>
Package pdftex.def Info: komatsu2.pdf used on input line 1626.
(pdftex.def)             Requested size: 190.0pt x 392.87085pt.


LaTeX Warning: `!h' float specifier changed to `!ht'.

[28 <./zoonorun.pdf>] <ACT.png, id=396, 513.92pt x 386.44376pt>
File: ACT.png Graphic file (type png)
 <use ACT.png>
Package pdftex.def Info: ACT.png used on input line 1641.
(pdftex.def)             Requested size: 170.71742pt x 170.71573pt.

<SPT.png, id=398, 459.7175pt x 392.46625pt>
File: SPT.png Graphic file (type png)
 <use SPT.png>
Package pdftex.def Info: SPT.png used on input line 1642.
(pdftex.def)             Requested size: 170.71695pt x 170.7189pt.

Overfull \hbox (7.345pt too wide) in paragraph at lines 1641--1648
[][] [] 
 []


LaTeX Warning: `!h' float specifier changed to `!ht'.


LaTeX Warning: `!h' float specifier changed to `!ht'.

[29 <./komatsu2.pdf>] [30 <./ACT.png> <./SPT.png>] [31] [32]
Class rmaa Info: Calling @outputaddressesifnecessary on input line 1893.
 [33]
(./inflation2.aux)

LaTeX Warning: Label(s) may have changed. Rerun to get cross-references right.

 ) 
Here is how much of TeX's memory you used:
 4755 strings out of 493029
 64963 string characters out of 6136234
 152310 words of memory out of 5000000
 8175 multiletter control sequences out of 15000+600000
 12356 words of font info for 43 fonts, out of 8000000 for 9000
 1153 hyphenation exceptions out of 8191
 38i,14n,27p,753b,522s stack positions out of 5000i,500n,10000p,200000b,80000s
</usr/share/texlive/texmf-dist/fonts/type1/public/amsfonts/cm/cmbx10.pfb></us
r/share/texlive/texmf-dist/fonts/type1/public/amsfonts/cm/cmbx12.pfb></usr/shar
e/texlive/texmf-dist/fonts/type1/public/amsfonts/cm/cmbx7.pfb></usr/share/texli
ve/texmf-dist/fonts/type1/public/amsfonts/cm/cmcsc10.pfb></usr/share/texlive/te
xmf-dist/fonts/type1/public/amsfonts/cm/cmex10.pfb></usr/share/texlive/texmf-di
st/fonts/type1/public/amsfonts/cm/cmmi10.pfb></usr/share/texlive/texmf-dist/fon
ts/type1/public/amsfonts/cm/cmmi5.pfb></usr/share/texlive/texmf-dist/fonts/type
1/public/amsfonts/cm/cmmi6.pfb></usr/share/texlive/texmf-dist/fonts/type1/publi
c/amsfonts/cm/cmmi7.pfb></usr/share/texlive/texmf-dist/fonts/type1/public/amsfo
nts/cm/cmmi8.pfb></usr/share/texlive/texmf-dist/fonts/type1/public/amsfonts/cm/
cmmi9.pfb></usr/share/texlive/texmf-dist/fonts/type1/public/amsfonts/cm/cmr10.p
fb></usr/share/texlive/texmf-dist/fonts/type1/public/amsfonts/cm/cmr5.pfb></usr
/share/texlive/texmf-dist/fonts/type1/public/amsfonts/cm/cmr6.pfb></usr/share/t
exlive/texmf-dist/fonts/type1/public/amsfonts/cm/cmr7.pfb></usr/share/texlive/t
exmf-dist/fonts/type1/public/amsfonts/cm/cmr8.pfb></usr/share/texlive/texmf-dis
t/fonts/type1/public/amsfonts/cm/cmr9.pfb></usr/share/texlive/texmf-dist/fonts/
type1/public/amsfonts/cm/cmsy10.pfb></usr/share/texlive/texmf-dist/fonts/type1/
public/amsfonts/cm/cmsy7.pfb></usr/share/texlive/texmf-dist/fonts/type1/public/
amsfonts/cm/cmsy8.pfb></usr/share/texlive/texmf-dist/fonts/type1/public/amsfont
s/cm/cmti10.pfb></usr/share/texlive/texmf-dist/fonts/type1/public/amsfonts/cm/c
mti9.pfb>
Output written on inflation2.pdf (33 pages, 1398172 bytes).
PDF statistics:
 497 PDF objects out of 1000 (max. 8388607)
 326 compressed objects within 4 object streams
 0 named destinations out of 1000 (max. 500000)
 174 words of extra memory for PDF output out of 10000 (max. 10000000)

